./Makefile:1: MINOR:C-G1
./Makefile:31: MAJOR:C-F3
./Makefile:58: INFO:C-A3
./hdr/exceptions.h:1: MINOR:C-G1
./hdr/exceptions.h:29: MINOR:C-V1
./hdr/exceptions.h:31: MAJOR:C-G4
./hdr/exceptions.h:33: MAJOR:C-H3
./hdr/exceptions.h:35: MAJOR:C-F3
./hdr/exceptions.h:35: MAJOR:C-H3
./hdr/exceptions.h:35: MINOR:C-L4
./hdr/exceptions.h:37: MAJOR:C-H3
./hdr/exceptions.h:37: MINOR:C-L4
./hdr/exceptions.h:39: MAJOR:C-F3
./hdr/exceptions.h:39: MAJOR:C-H3
./hdr/exceptions.h:39: MINOR:C-L4
./hdr/exceptions.h:41: MINOR:C-V3
./hdr/exceptions.h:43: INFO:C-A3
./src/exceptions.c:1: MINOR:C-G1
./src/exceptions.c:3: MAJOR:C-H1
./src/exceptions.c:3: MINOR:C-V3
./src/exceptions.c:22: MINOR:C-V3
./src/exceptions.c:25: MINOR:C-L6
./src/exceptions.c:32: INFO:C-A3
